INFO:werkzeug:[31m[1mWARNING: This is a development server. Do not use it in a production deployment. Use a production WSGI server instead.[0m
 * Running on http://127.0.0.1:5000
INFO:werkzeug:[33mPress CTRL+C to quit[0m
INFO:werkzeug: * Restarting with stat
WARNING:werkzeug: * Debugger is active!
INFO:werkzeug: * Debugger PIN: 762-254-845
INFO:werkzeug: * Detected change in '/home/daniel/Documents/CS/Projects/ManagmentOfEmployees/server/api/position_api.py', reloading
INFO:werkzeug: * Restarting with stat
INFO:werkzeug:[31m[1mWARNING: This is a development server. Do not use it in a production deployment. Use a production WSGI server instead.[0m
 * Running on http://127.0.0.1:5000
INFO:werkzeug:[33mPress CTRL+C to quit[0m
INFO:werkzeug: * Restarting with stat
WARNING:werkzeug: * Debugger is active!
INFO:werkzeug: * Debugger PIN: 762-254-845
INFO:werkzeug: * Detected change in '/home/daniel/Documents/CS/Projects/ManagmentOfEmployees/server/api/person_api.py', reloading
INFO:werkzeug: * Restarting with stat
WARNING:werkzeug: * Debugger is active!
INFO:werkzeug: * Debugger PIN: 762-254-845
INFO:werkzeug: * Detected change in '/home/daniel/Documents/CS/Projects/ManagmentOfEmployees/server/api/person_api.py', reloading
INFO:werkzeug: * Restarting with stat
WARNING:werkzeug: * Debugger is active!
INFO:werkzeug: * Debugger PIN: 762-254-845
INFO:werkzeug: * Detected change in '/home/daniel/Documents/CS/Projects/ManagmentOfEmployees/server/api/person_api.py', reloading
INFO:werkzeug: * Restarting with stat
WARNING:werkzeug: * Debugger is active!
INFO:werkzeug: * Debugger PIN: 762-254-845
INFO:werkzeug: * Detected change in '/home/daniel/Documents/CS/Projects/ManagmentOfEmployees/server/api/person_api.py', reloading
INFO:werkzeug: * Restarting with stat
WARNING:werkzeug: * Debugger is active!
INFO:werkzeug: * Debugger PIN: 762-254-845
INFO:werkzeug: * Detected change in '/home/daniel/Documents/CS/Projects/ManagmentOfEmployees/server/api/person_api.py', reloading
INFO:werkzeug: * Restarting with stat
WARNING:werkzeug: * Debugger is active!
INFO:werkzeug: * Debugger PIN: 762-254-845
INFO:werkzeug: * Detected change in '/home/daniel/Documents/CS/Projects/ManagmentOfEmployees/server/api/person_api.py', reloading
INFO:werkzeug: * Restarting with stat
WARNING:werkzeug: * Debugger is active!
INFO:werkzeug: * Debugger PIN: 762-254-845
INFO:werkzeug: * Detected change in '/home/daniel/Documents/CS/Projects/ManagmentOfEmployees/server/api/phone_api.py', reloading
INFO:werkzeug: * Restarting with stat
WARNING:werkzeug: * Debugger is active!
INFO:werkzeug: * Debugger PIN: 762-254-845
INFO:werkzeug: * Detected change in '/home/daniel/Documents/CS/Projects/ManagmentOfEmployees/server/api/phone_api.py', reloading
INFO:werkzeug: * Restarting with stat
WARNING:werkzeug: * Debugger is active!
INFO:werkzeug: * Debugger PIN: 762-254-845
INFO:werkzeug: * Detected change in '/home/daniel/Documents/CS/Projects/ManagmentOfEmployees/server/api/phone_api.py', reloading
INFO:werkzeug: * Restarting with stat
WARNING:werkzeug: * Debugger is active!
INFO:werkzeug: * Debugger PIN: 762-254-845
INFO:werkzeug: * Detected change in '/home/daniel/Documents/CS/Projects/ManagmentOfEmployees/server/api/phone_api.py', reloading
INFO:werkzeug: * Restarting with stat
WARNING:werkzeug: * Debugger is active!
INFO:werkzeug: * Debugger PIN: 762-254-845
INFO:werkzeug: * Detected change in '/home/daniel/Documents/CS/Projects/ManagmentOfEmployees/server/api/phone_api.py', reloading
INFO:werkzeug: * Restarting with stat
WARNING:werkzeug: * Debugger is active!
INFO:werkzeug: * Debugger PIN: 762-254-845
INFO:werkzeug: * Detected change in '/home/daniel/Documents/CS/Projects/ManagmentOfEmployees/server/api/phone_api.py', reloading
INFO:werkzeug: * Restarting with stat
WARNING:werkzeug: * Debugger is active!
INFO:werkzeug: * Debugger PIN: 762-254-845
INFO:werkzeug: * Detected change in '/home/daniel/Documents/CS/Projects/ManagmentOfEmployees/server/api/phone_api.py', reloading
INFO:werkzeug: * Restarting with stat
WARNING:werkzeug: * Debugger is active!
INFO:werkzeug: * Debugger PIN: 762-254-845
INFO:werkzeug: * Detected change in '/home/daniel/Documents/CS/Projects/ManagmentOfEmployees/server/api/phone_api.py', reloading
INFO:werkzeug: * Restarting with stat
WARNING:werkzeug: * Debugger is active!
INFO:werkzeug: * Debugger PIN: 762-254-845
INFO:werkzeug: * Detected change in '/home/daniel/Documents/CS/Projects/ManagmentOfEmployees/server/api/phone_api.py', reloading
INFO:werkzeug: * Restarting with stat
WARNING:werkzeug: * Debugger is active!
INFO:werkzeug: * Debugger PIN: 762-254-845
INFO:werkzeug: * Detected change in '/home/daniel/Documents/CS/Projects/ManagmentOfEmployees/server/api/phone_api.py', reloading
INFO:werkzeug: * Restarting with stat
WARNING:werkzeug: * Debugger is active!
INFO:werkzeug: * Debugger PIN: 762-254-845
INFO:werkzeug: * Detected change in '/home/daniel/Documents/CS/Projects/ManagmentOfEmployees/server/app.py', reloading
INFO:werkzeug: * Restarting with stat
WARNING:werkzeug: * Debugger is active!
INFO:werkzeug: * Debugger PIN: 762-254-845
INFO:werkzeug: * Detected change in '/home/daniel/Documents/CS/Projects/ManagmentOfEmployees/server/app.py', reloading
INFO:werkzeug: * Restarting with stat
INFO:werkzeug:[31m[1mWARNING: This is a development server. Do not use it in a production deployment. Use a production WSGI server instead.[0m
 * Running on http://127.0.0.1:5000
INFO:werkzeug:[33mPress CTRL+C to quit[0m
INFO:werkzeug: * Restarting with stat
WARNING:werkzeug: * Debugger is active!
INFO:werkzeug: * Debugger PIN: 762-254-845
INFO:app:All users were selected from database
INFO:werkzeug:127.0.0.1 - - [09/Feb/2023 19:24:39] "GET /api/v1/get_all_people_data HTTP/1.1" 200 -
INFO:app:Number of visitors of portal at 2023-02-09 is 55
INFO:werkzeug:127.0.0.1 - - [09/Feb/2023 19:24:42] "GET /api/v1/num_visits HTTP/1.1" 200 -
INFO:app:All users were selected from database
INFO:werkzeug:127.0.0.1 - - [09/Feb/2023 19:24:46] "GET /api/v1/get_all_positions HTTP/1.1" 200 -
INFO:werkzeug: * Detected change in '/home/daniel/Documents/CS/Projects/ManagmentOfEmployees/server/app.py', reloading
INFO:werkzeug: * Restarting with stat
WARNING:werkzeug: * Debugger is active!
INFO:werkzeug: * Debugger PIN: 762-254-845
